0 info it worked if it ends with ok
1 verbose cli [ '/usr/local/bin/node', '/usr/local/bin/npm', 'run', 'dev' ]
2 info using npm@3.5.2
3 info using node@v4.1.2
4 verbose run-script [ 'predev', 'dev', 'postdev' ]
5 info lifecycle shorti@1.0.0~predev: shorti@1.0.0
6 silly lifecycle shorti@1.0.0~predev: no script for predev, continuing
7 info lifecycle shorti@1.0.0~dev: shorti@1.0.0
8 verbose lifecycle shorti@1.0.0~dev: unsafe-perm in lifecycle true
9 verbose lifecycle shorti@1.0.0~dev: PATH: /usr/local/lib/node_modules/npm/bin/node-gyp-bin:/Users/tonyspiro/github-repos/shorti/examples/react/node_modules/.bin:/usr/local/bin:/usr/bin:/bin:/usr/sbin:/sbin:/opt/ImageMagick/bin:/Applications/Postgres.app/Contents/Versions/9.4/bin
10 verbose lifecycle shorti@1.0.0~dev: CWD: /Users/tonyspiro/github-repos/shorti/examples/react
11 silly lifecycle shorti@1.0.0~dev: Args: [ '-c', 'webpack-dev-server' ]
12 silly lifecycle shorti@1.0.0~dev: Returned: code: 1  signal: null
13 info lifecycle shorti@1.0.0~dev: Failed to exec dev script
14 verbose stack Error: shorti@1.0.0 dev: `webpack-dev-server`
14 verbose stack Exit status 1
14 verbose stack     at EventEmitter.<anonymous> (/usr/local/lib/node_modules/npm/lib/utils/lifecycle.js:232:16)
14 verbose stack     at emitTwo (events.js:87:13)
14 verbose stack     at EventEmitter.emit (events.js:172:7)
14 verbose stack     at ChildProcess.<anonymous> (/usr/local/lib/node_modules/npm/lib/utils/spawn.js:24:14)
14 verbose stack     at emitTwo (events.js:87:13)
14 verbose stack     at ChildProcess.emit (events.js:172:7)
14 verbose stack     at maybeClose (internal/child_process.js:818:16)
14 verbose stack     at Process.ChildProcess._handle.onexit (internal/child_process.js:211:5)
15 verbose pkgid shorti@1.0.0
16 verbose cwd /Users/tonyspiro/github-repos/shorti/examples/react
17 error Darwin 15.3.0
18 error argv "/usr/local/bin/node" "/usr/local/bin/npm" "run" "dev"
19 error node v4.1.2
20 error npm  v3.5.2
21 error code ELIFECYCLE
22 error shorti@1.0.0 dev: `webpack-dev-server`
22 error Exit status 1
23 error Failed at the shorti@1.0.0 dev script 'webpack-dev-server'.
23 error Make sure you have the latest version of node.js and npm installed.
23 error If you do, this is most likely a problem with the shorti package,
23 error not with npm itself.
23 error Tell the author that this fails on your system:
23 error     webpack-dev-server
23 error You can get information on how to open an issue for this project with:
23 error     npm bugs shorti
23 error Or if that isn't available, you can get their info via:
23 error     npm owner ls shorti
23 error There is likely additional logging output above.
24 verbose exit [ 1, true ]
